  Figure.cpp
  Line.cpp
  Main.cpp
  Quad.cpp
  UserInterface.cpp
Main.obj : error LNK2001: símbolo externo _glfwSwapBuffers sin resolver
Main.obj : error LNK2001: símbolo externo _glfwGetVideoMode sin resolver
Main.obj : error LNK2001: símbolo externo _glfwTerminate sin resolver
Main.obj : error LNK2001: símbolo externo _glfwSetMouseButtonCallback sin resolver
Main.obj : error LNK2001: símbolo externo _glfwPollEvents sin resolver
Main.obj : error LNK2001: símbolo externo _glfwInit sin resolver
Main.obj : error LNK2001: símbolo externo _glfwSetKeyCallback sin resolver
Main.obj : error LNK2001: símbolo externo _glfwSetWindowShouldClose sin resolver
Main.obj : error LNK2001: símbolo externo _glfwCreateWindow sin resolver
Main.obj : error LNK2001: símbolo externo _glfwMakeContextCurrent sin resolver
Main.obj : error LNK2001: símbolo externo _glfwDestroyWindow sin resolver
Main.obj : error LNK2001: símbolo externo _glfwGetPrimaryMonitor sin resolver
Main.obj : error LNK2001: símbolo externo _glfwSetCursorPosCallback sin resolver
Main.obj : error LNK2001: símbolo externo _glfwGetCursorPos sin resolver
Main.obj : error LNK2001: símbolo externo _glfwSetWindowSizeCallback sin resolver
Main.obj : error LNK2001: símbolo externo _glfwWindowShouldClose sin resolver
Main.obj : error LNK2001: símbolo externo _glfwSetCharCallback sin resolver
Main.obj : error LNK2001: símbolo externo _glfwSetWindowPos sin resolver
C:\Users\Alejandro\Desktop\Proyectos\CG\Proyecto_1\Release\ICG - Plantilla.exe : fatal error LNK1120: 18 externos sin resolver
