  Circle.cpp
c:\users\alejandro\desktop\proyectos\graficas_1\proyecto_1\src\circle.cpp(25): warning C4244: '=': conversión de 'float' a 'int'; posible pérdida de datos
c:\users\alejandro\desktop\proyectos\graficas_1\proyecto_1\src\circle.cpp(27): warning C4244: '=': conversión de 'float' a 'int'; posible pérdida de datos
c:\users\alejandro\desktop\proyectos\graficas_1\proyecto_1\src\circle.cpp(31): warning C4244: 'argumento': conversión de 'float' a 'int'; posible pérdida de datos
c:\users\alejandro\desktop\proyectos\graficas_1\proyecto_1\src\circle.cpp(34): warning C4244: 'argumento': conversión de 'float' a 'int'; posible pérdida de datos
c:\users\alejandro\desktop\proyectos\graficas_1\proyecto_1\src\circle.cpp(22): warning C4101: 'r': variable local sin referencia
c:\users\alejandro\desktop\proyectos\graficas_1\proyecto_1\src\circle.cpp(104): warning C4244: '=': conversión de 'int' a 'float'; posible pérdida de datos
c:\users\alejandro\desktop\proyectos\graficas_1\proyecto_1\src\circle.cpp(109): warning C4244: '=': conversión de 'int' a 'float'; posible pérdida de datos
c:\users\alejandro\desktop\proyectos\graficas_1\proyecto_1\src\circle.cpp(113): warning C4244: '=': conversión de 'int' a 'float'; posible pérdida de datos
c:\users\alejandro\desktop\proyectos\graficas_1\proyecto_1\src\circle.cpp(118): warning C4244: '=': conversión de 'int' a 'float'; posible pérdida de datos
c:\users\alejandro\desktop\proyectos\graficas_1\proyecto_1\src\circle.cpp(125): warning C4244: '=': conversión de 'int' a 'float'; posible pérdida de datos
c:\users\alejandro\desktop\proyectos\graficas_1\proyecto_1\src\circle.cpp(130): warning C4244: '=': conversión de 'int' a 'float'; posible pérdida de datos
c:\users\alejandro\desktop\proyectos\graficas_1\proyecto_1\src\circle.cpp(134): warning C4244: '=': conversión de 'int' a 'float'; posible pérdida de datos
c:\users\alejandro\desktop\proyectos\graficas_1\proyecto_1\src\circle.cpp(139): warning C4244: '=': conversión de 'int' a 'float'; posible pérdida de datos
c:\users\alejandro\desktop\proyectos\graficas_1\proyecto_1\src\circle.cpp(155): warning C4244: 'argumento': conversión de 'float' a 'int'; posible pérdida de datos
c:\users\alejandro\desktop\proyectos\graficas_1\proyecto_1\src\circle.cpp(156): warning C4244: 'argumento': conversión de 'float' a 'int'; posible pérdida de datos
c:\users\alejandro\desktop\proyectos\graficas_1\proyecto_1\src\circle.cpp(157): warning C4244: 'argumento': conversión de 'float' a 'int'; posible pérdida de datos
c:\users\alejandro\desktop\proyectos\graficas_1\proyecto_1\src\circle.cpp(158): warning C4244: 'argumento': conversión de 'float' a 'int'; posible pérdida de datos
c:\users\alejandro\desktop\proyectos\graficas_1\proyecto_1\src\circle.cpp(165): warning C4305: '=': truncamiento de 'int' a 'float'
c:\users\alejandro\desktop\proyectos\graficas_1\proyecto_1\src\circle.cpp(166): warning C4305: '=': truncamiento de 'int' a 'float'
c:\users\alejandro\desktop\proyectos\graficas_1\proyecto_1\src\circle.cpp(168): warning C4244: 'inicializando': conversión de 'float' a 'int'; posible pérdida de datos
c:\users\alejandro\desktop\proyectos\graficas_1\proyecto_1\src\circle.cpp(170): warning C4244: 'inicializando': conversión de 'float' a 'int'; posible pérdida de datos
c:\users\alejandro\desktop\proyectos\graficas_1\proyecto_1\src\circle.cpp(174): warning C4244: 'argumento': conversión de 'float' a 'int'; posible pérdida de datos
c:\users\alejandro\desktop\proyectos\graficas_1\proyecto_1\src\circle.cpp(177): warning C4244: 'argumento': conversión de 'float' a 'int'; posible pérdida de datos
  Figure.cpp
  Line.cpp
c:\users\alejandro\desktop\proyectos\graficas_1\proyecto_1\src\line.cpp(23): warning C4244: 'argumento': conversión de 'float' a 'int'; posible pérdida de datos
c:\users\alejandro\desktop\proyectos\graficas_1\proyecto_1\src\line.cpp(188): warning C4244: 'argumento': conversión de 'float' a 'int'; posible pérdida de datos
c:\users\alejandro\desktop\proyectos\graficas_1\proyecto_1\src\line.cpp(189): warning C4244: 'argumento': conversión de 'float' a 'int'; posible pérdida de datos
c:\users\alejandro\desktop\proyectos\graficas_1\proyecto_1\src\line.cpp(190): warning C4244: 'argumento': conversión de 'float' a 'int'; posible pérdida de datos
c:\users\alejandro\desktop\proyectos\graficas_1\proyecto_1\src\line.cpp(191): warning C4244: 'argumento': conversión de 'float' a 'int'; posible pérdida de datos
  Main.cpp
c:\users\alejandro\desktop\proyectos\graficas_1\proyecto_1\src\main.cpp(186): warning C4477: 'printf' : la cadena de formato '%d' requiere un argumento de tipo 'int', pero el argumento variádico 1 tiene el tipo 'double'
c:\users\alejandro\desktop\proyectos\graficas_1\proyecto_1\src\main.cpp(186): warning C4477: 'printf' : la cadena de formato '%d' requiere un argumento de tipo 'int', pero el argumento variádico 2 tiene el tipo 'double'
c:\users\alejandro\desktop\proyectos\graficas_1\proyecto_1\src\main.cpp(224): warning C4267: '=': conversión de 'size_t' a 'int'; posible pérdida de datos
  Quad.cpp
c:\users\alejandro\desktop\proyectos\graficas_1\proyecto_1\src\quad.cpp(30): warning C4244: 'argumento': conversión de 'float' a 'int'; posible pérdida de datos
c:\users\alejandro\desktop\proyectos\graficas_1\proyecto_1\src\quad.cpp(31): warning C4244: 'argumento': conversión de 'float' a 'int'; posible pérdida de datos
c:\users\alejandro\desktop\proyectos\graficas_1\proyecto_1\src\quad.cpp(32): warning C4244: 'argumento': conversión de 'float' a 'int'; posible pérdida de datos
c:\users\alejandro\desktop\proyectos\graficas_1\proyecto_1\src\quad.cpp(33): warning C4244: 'argumento': conversión de 'float' a 'int'; posible pérdida de datos
c:\users\alejandro\desktop\proyectos\graficas_1\proyecto_1\src\quad.cpp(41): warning C4244: 'argumento': conversión de 'float' a 'int'; posible pérdida de datos
c:\users\alejandro\desktop\proyectos\graficas_1\proyecto_1\src\quad.cpp(42): warning C4244: 'argumento': conversión de 'float' a 'int'; posible pérdida de datos
c:\users\alejandro\desktop\proyectos\graficas_1\proyecto_1\src\quad.cpp(43): warning C4244: 'argumento': conversión de 'float' a 'int'; posible pérdida de datos
c:\users\alejandro\desktop\proyectos\graficas_1\proyecto_1\src\quad.cpp(44): warning C4244: 'argumento': conversión de 'float' a 'int'; posible pérdida de datos
c:\users\alejandro\desktop\proyectos\graficas_1\proyecto_1\src\quad.cpp(234): warning C4244: '=': conversión de 'float' a 'int'; posible pérdida de datos
c:\users\alejandro\desktop\proyectos\graficas_1\proyecto_1\src\quad.cpp(235): warning C4244: '=': conversión de 'float' a 'int'; posible pérdida de datos
c:\users\alejandro\desktop\proyectos\graficas_1\proyecto_1\src\quad.cpp(236): warning C4244: '=': conversión de 'float' a 'int'; posible pérdida de datos
c:\users\alejandro\desktop\proyectos\graficas_1\proyecto_1\src\quad.cpp(237): warning C4244: '=': conversión de 'float' a 'int'; posible pérdida de datos
c:\users\alejandro\desktop\proyectos\graficas_1\proyecto_1\src\quad.cpp(241): warning C4244: '=': conversión de 'float' a 'int'; posible pérdida de datos
c:\users\alejandro\desktop\proyectos\graficas_1\proyecto_1\src\quad.cpp(242): warning C4244: '=': conversión de 'float' a 'int'; posible pérdida de datos
c:\users\alejandro\desktop\proyectos\graficas_1\proyecto_1\src\quad.cpp(243): warning C4244: '=': conversión de 'float' a 'int'; posible pérdida de datos
c:\users\alejandro\desktop\proyectos\graficas_1\proyecto_1\src\quad.cpp(244): warning C4244: '=': conversión de 'float' a 'int'; posible pérdida de datos
  Triangulo.cpp
c:\users\alejandro\desktop\proyectos\graficas_1\proyecto_1\src\triangulo.cpp(24): warning C4244: 'argumento': conversión de 'float' a 'int'; posible pérdida de datos
c:\users\alejandro\desktop\proyectos\graficas_1\proyecto_1\src\triangulo.cpp(25): warning C4244: 'argumento': conversión de 'float' a 'int'; posible pérdida de datos
c:\users\alejandro\desktop\proyectos\graficas_1\proyecto_1\src\triangulo.cpp(26): warning C4244: 'argumento': conversión de 'float' a 'int'; posible pérdida de datos
c:\users\alejandro\desktop\proyectos\graficas_1\proyecto_1\src\triangulo.cpp(190): warning C4244: 'argumento': conversión de 'float' a 'int'; posible pérdida de datos
c:\users\alejandro\desktop\proyectos\graficas_1\proyecto_1\src\triangulo.cpp(191): warning C4244: 'argumento': conversión de 'float' a 'int'; posible pérdida de datos
c:\users\alejandro\desktop\proyectos\graficas_1\proyecto_1\src\triangulo.cpp(192): warning C4244: 'argumento': conversión de 'float' a 'int'; posible pérdida de datos
c:\users\alejandro\desktop\proyectos\graficas_1\proyecto_1\src\triangulo.cpp(193): warning C4244: 'argumento': conversión de 'float' a 'int'; posible pérdida de datos
c:\users\alejandro\desktop\proyectos\graficas_1\proyecto_1\src\triangulo.cpp(200): warning C4305: '=': truncamiento de 'int' a 'float'
c:\users\alejandro\desktop\proyectos\graficas_1\proyecto_1\src\triangulo.cpp(201): warning C4305: '=': truncamiento de 'int' a 'float'
  Generando código
  13 of 206 functions ( 6.3%) were compiled, the rest were copied from previous compilation.
    1 functions were new in current compilation
    1 functions had inline decision re-evaluated but remain unchanged
  Generación de código finalizada
  ICG - Plantilla.vcxproj -> C:\Users\Alejandro\Desktop\Proyectos\Graficas_1\Proyecto_1\x64\Release\ICG - Plantilla.exe
